# JRE version: OpenJDK Runtime Environment Corretto-17.0.6.10.1 (17.0.6+10) (build 17.0.6+10-LTS)
# Java VM: OpenJDK 64-Bit Server VM Corretto-17.0.6.10.1 (17.0.6+10-LTS, mixed mode, emulated-client, sharing, tiered, compressed oops, compressed class ptrs, g1 gc, windows-amd64)
GC Precious Log:
 CPUs: 16 total, 16 available
 Memory: 15790M
 Large Page Support: Disabled
 NUMA Support: Disabled
 Compressed Oops: Enabled (Zero based)
 Heap Region Size: 2M
 Heap Min Capacity: 8M
 Heap Initial Capacity: 248M
 Heap Max Capacity: 3948M
 Pre-touch: Disabled
 Parallel Workers: 13
 Concurrent Workers: 3
 Concurrent Refinement Workers: 13
 Periodic GC: Disabled
Heap:
 garbage-first heap   total 49152K, used 32158K [0x0000000709400000, 0x0000000800000000)
  region size 2048K, 10 young (20480K), 1 survivors (2048K)
 Metaspace       used 30738K, committed 31360K, reserved 1081344K
  class space    used 4191K, committed 4480K, reserved 1048576K
GC Heap History (20 events):
Event: 27823.190 GC heap before
{Heap before GC invocations=239 (full 30):
 garbage-first heap   total 49152K, used 36239K [0x0000000709400000, 0x0000000800000000)
  region size 2048K, 11 young (22528K), 1 survivors (2048K)
 Metaspace       used 30738K, committed 31360K, reserved 1081344K
  class space    used 4191K, committed 4480K, reserved 1048576K
}
Event: 27823.191 GC heap after
{Heap after GC invocations=240 (full 30):
 garbage-first heap   total 49152K, used 15753K [0x0000000709400000, 0x0000000800000000)
  region size 2048K, 1 young (2048K), 1 survivors (2048K)
 Metaspace       used 30738K, committed 31360K, reserved 1081344K
  class space    used 4191K, committed 4480K, reserved 1048576K
}
Event: 27943.550 GC heap before
{Heap before GC invocations=240 (full 30):
 garbage-first heap   total 49152K, used 36233K [0x0000000709400000, 0x0000000800000000)
  region size 2048K, 11 young (22528K), 1 survivors (2048K)
 Metaspace       used 30738K, committed 31360K, reserved 1081344K
  class space    used 4191K, committed 4480K, reserved 1048576K
}
Event: 27943.551 GC heap after
{Heap after GC invocations=241 (full 30):
 garbage-first heap   total 49152K, used 15757K [0x0000000709400000, 0x0000000800000000)
  region size 2048K, 1 young (2048K), 1 survivors (2048K)
 Metaspace       used 30738K, committed 31360K, reserved 1081344K
  class space    used 4191K, committed 4480K, reserved 1048576K
}
Event: 28063.839 GC heap before
{Heap before GC invocations=241 (full 30):
 garbage-first heap   total 49152K, used 36237K [0x0000000709400000, 0x0000000800000000)
  region size 2048K, 11 young (22528K), 1 survivors (2048K)
 Metaspace       used 30738K, committed 31360K, reserved 1081344K
  class space    used 4191K, committed 4480K, reserved 1048576K
}
Event: 28063.839 GC heap after
{Heap after GC invocations=242 (full 30):
 garbage-first heap   total 49152K, used 15778K [0x0000000709400000, 0x0000000800000000)
  region size 2048K, 1 young (2048K), 1 survivors (2048K)
 Metaspace       used 30738K, committed 31360K, reserved 1081344K
  class space    used 4191K, committed 4480K, reserved 1048576K
}
Event: 28184.222 GC heap before
{Heap before GC invocations=242 (full 30):
 garbage-first heap   total 49152K, used 36258K [0x0000000709400000, 0x0000000800000000)
  region size 2048K, 11 young (22528K), 1 survivors (2048K)
 Metaspace       used 30738K, committed 31360K, reserved 1081344K
  class space    used 4191K, committed 4480K, reserved 1048576K
}
Event: 28184.223 GC heap after
{Heap after GC invocations=243 (full 30):
 garbage-first heap   total 49152K, used 15800K [0x0000000709400000, 0x0000000800000000)
  region size 2048K, 1 young (2048K), 1 survivors (2048K)
 Metaspace       used 30738K, committed 31360K, reserved 1081344K
  class space    used 4191K, committed 4480K, reserved 1048576K
}
Event: 28304.402 GC heap before
{Heap before GC invocations=243 (full 30):
 garbage-first heap   total 49152K, used 36280K [0x0000000709400000, 0x0000000800000000)
  region size 2048K, 11 young (22528K), 1 survivors (2048K)
 Metaspace       used 30738K, committed 31360K, reserved 1081344K
  class space    used 4191K, committed 4480K, reserved 1048576K
}
Event: 28304.403 GC heap after
{Heap after GC invocations=244 (full 30):
 garbage-first heap   total 49152K, used 15776K [0x0000000709400000, 0x0000000800000000)
  region size 2048K, 1 young (2048K), 1 survivors (2048K)
 Metaspace       used 30738K, committed 31360K, reserved 1081344K
  class space    used 4191K, committed 4480K, reserved 1048576K
}
Event: 28425.162 GC heap before
{Heap before GC invocations=244 (full 30):
 garbage-first heap   total 49152K, used 36256K [0x0000000709400000, 0x0000000800000000)
  region size 2048K, 11 young (22528K), 1 survivors (2048K)
 Metaspace       used 30738K, committed 31360K, reserved 1081344K
  class space    used 4191K, committed 4480K, reserved 1048576K
}
Event: 28425.164 GC heap after
{Heap after GC invocations=245 (full 30):
 garbage-first heap   total 49152K, used 15768K [0x0000000709400000, 0x0000000800000000)
  region size 2048K, 1 young (2048K), 1 survivors (2048K)
 Metaspace       used 30738K, committed 31360K, reserved 1081344K
  class space    used 4191K, committed 4480K, reserved 1048576K
}
Event: 28545.775 GC heap before
{Heap before GC invocations=245 (full 30):
 garbage-first heap   total 49152K, used 36248K [0x0000000709400000, 0x0000000800000000)
  region size 2048K, 11 young (22528K), 1 survivors (2048K)
 Metaspace       used 30738K, committed 31360K, reserved 1081344K
  class space    used 4191K, committed 4480K, reserved 1048576K
}
Event: 28545.776 GC heap after
{Heap after GC invocations=246 (full 30):
 garbage-first heap   total 49152K, used 15766K [0x0000000709400000, 0x0000000800000000)
  region size 2048K, 1 young (2048K), 1 survivors (2048K)
 Metaspace       used 30738K, committed 31360K, reserved 1081344K
  class space    used 4191K, committed 4480K, reserved 1048576K
}
Event: 28666.148 GC heap before
{Heap before GC invocations=246 (full 30):
 garbage-first heap   total 49152K, used 36246K [0x0000000709400000, 0x0000000800000000)
  region size 2048K, 11 young (22528K), 1 survivors (2048K)
 Metaspace       used 30738K, committed 31360K, reserved 1081344K
  class space    used 4191K, committed 4480K, reserved 1048576K
}
Event: 28666.149 GC heap after
{Heap after GC invocations=247 (full 30):
 garbage-first heap   total 49152K, used 15774K [0x0000000709400000, 0x0000000800000000)
  region size 2048K, 1 young (2048K), 1 survivors (2048K)
 Metaspace       used 30738K, committed 31360K, reserved 1081344K
  class space    used 4191K, committed 4480K, reserved 1048576K
}
Event: 28786.225 GC heap before
{Heap before GC invocations=247 (full 30):
 garbage-first heap   total 49152K, used 36254K [0x0000000709400000, 0x0000000800000000)
  region size 2048K, 11 young (22528K), 1 survivors (2048K)
 Metaspace       used 30738K, committed 31360K, reserved 1081344K
  class space    used 4191K, committed 4480K, reserved 1048576K
}
Event: 28786.226 GC heap after
{Heap after GC invocations=248 (full 30):
 garbage-first heap   total 49152K, used 15768K [0x0000000709400000, 0x0000000800000000)
  region size 2048K, 1 young (2048K), 1 survivors (2048K)
 Metaspace       used 30738K, committed 31360K, reserved 1081344K
  class space    used 4191K, committed 4480K, reserved 1048576K
}
Event: 28906.753 GC heap before
{Heap before GC invocations=248 (full 30):
 garbage-first heap   total 49152K, used 36248K [0x0000000709400000, 0x0000000800000000)
  region size 2048K, 11 young (22528K), 1 survivors (2048K)
 Metaspace       used 30738K, committed 31360K, reserved 1081344K
  class space    used 4191K, committed 4480K, reserved 1048576K
}
Event: 28906.753 GC heap after
{Heap after GC invocations=249 (full 30):
 garbage-first heap   total 49152K, used 15774K [0x0000000709400000, 0x0000000800000000)
  region size 2048K, 1 young (2048K), 1 survivors (2048K)
 Metaspace       used 30738K, committed 31360K, reserved 1081344K
  class space    used 4191K, committed 4480K, reserved 1048576K
}

